2016-02-20 00:16:20,217 WARN org.apache.hadoop.conf.Configuration: session.id is deprecated. Instead, use dfs.metrics.session-id
2016-02-20 00:16:20,220 INFO org.apache.hadoop.metrics.jvm.JvmMetrics: Initializing JVM Metrics with processName=JobTracker, sessionId=
2016-02-20 00:16:20,322 WARN org.apache.hadoop.mapred.JobClient: Use GenericOptionsParser for parsing the arguments. Applications should implement Tool for the same.
2016-02-20 00:16:20,335 WARN org.apache.hadoop.mapred.JobClient: No job jar file set.  User classes may not be found. See JobConf(Class) or JobConf#setJar(String).
2016-02-20 00:16:20,361 INFO org.apache.hadoop.mapreduce.lib.input.FileInputFormat: Total input paths to process : 1
2016-02-20 00:16:20,904 INFO org.apache.hadoop.mapred.JobClient: Running job: job_local1656692506_0001
2016-02-20 00:16:20,908 INFO org.apache.hadoop.mapred.LocalJobRunner: OutputCommitter set in config null
2016-02-20 00:16:20,915 INFO org.apache.hadoop.mapred.LocalJobRunner: OutputCommitter is org.apache.hadoop.mapreduce.lib.output.FileOutputCommitter
2016-02-20 00:16:20,930 INFO org.apache.hadoop.mapred.LocalJobRunner: Waiting for map tasks
2016-02-20 00:16:20,931 INFO org.apache.hadoop.mapred.LocalJobRunner: Starting task: attempt_local1656692506_0001_m_000000_0
2016-02-20 00:16:20,952 WARN mapreduce.Counters: Group org.apache.hadoop.mapred.Task$Counter is deprecated. Use org.apache.hadoop.mapreduce.TaskCounter instead
2016-02-20 00:16:21,055 INFO org.apache.hadoop.util.ProcessTree: setsid exited with exit code 0
2016-02-20 00:16:21,104 INFO org.apache.hadoop.mapred.Task:  Using ResourceCalculatorPlugin : org.apache.hadoop.util.LinuxResourceCalculatorPlugin@f855562
2016-02-20 00:16:21,115 INFO org.apache.hadoop.mapred.MapTask: Processing split: file:/home/training/workspace/log_file_analysis/src/testlog/test_access_log:0+485246
2016-02-20 00:16:21,135 INFO org.apache.hadoop.mapred.MapTask: Map output collector class = org.apache.hadoop.mapred.MapTask$MapOutputBuffer
2016-02-20 00:16:21,137 INFO org.apache.hadoop.mapred.MapTask: io.sort.mb = 100
2016-02-20 00:16:21,176 INFO org.apache.hadoop.mapred.MapTask: data buffer = 79691776/99614720
2016-02-20 00:16:21,176 INFO org.apache.hadoop.mapred.MapTask: record buffer = 262144/327680
2016-02-20 00:16:21,908 INFO org.apache.hadoop.mapred.JobClient:  map 0% reduce 0%
2016-02-20 00:16:22,409 INFO org.apache.hadoop.mapred.LocalJobRunner: 
2016-02-20 00:16:22,410 INFO org.apache.hadoop.mapred.MapTask: Starting flush of map output
2016-02-20 00:16:22,507 INFO org.apache.hadoop.mapred.MapTask: Finished spill 0
2016-02-20 00:16:22,510 INFO org.apache.hadoop.mapred.Task: Task:attempt_local1656692506_0001_m_000000_0 is done. And is in the process of commiting
2016-02-20 00:16:22,515 INFO org.apache.hadoop.mapred.LocalJobRunner: 
2016-02-20 00:16:22,515 INFO org.apache.hadoop.mapred.Task: Task 'attempt_local1656692506_0001_m_000000_0' done.
2016-02-20 00:16:22,515 INFO org.apache.hadoop.mapred.LocalJobRunner: Finishing task: attempt_local1656692506_0001_m_000000_0
2016-02-20 00:16:22,516 INFO org.apache.hadoop.mapred.LocalJobRunner: Map task executor complete.
2016-02-20 00:16:22,520 WARN mapreduce.Counters: Group org.apache.hadoop.mapred.Task$Counter is deprecated. Use org.apache.hadoop.mapreduce.TaskCounter instead
2016-02-20 00:16:22,535 INFO org.apache.hadoop.mapred.Task:  Using ResourceCalculatorPlugin : org.apache.hadoop.util.LinuxResourceCalculatorPlugin@65493102
2016-02-20 00:16:22,535 INFO org.apache.hadoop.mapred.LocalJobRunner: 
2016-02-20 00:16:22,541 INFO org.apache.hadoop.mapred.Merger: Merging 1 sorted segments
2016-02-20 00:16:22,588 INFO org.apache.hadoop.mapred.Merger: Down to the last merge-pass, with 1 segments left of total size: 204 bytes
2016-02-20 00:16:22,589 INFO org.apache.hadoop.mapred.LocalJobRunner: 
2016-02-20 00:16:22,594 INFO org.apache.hadoop.mapred.Task: Task:attempt_local1656692506_0001_r_000000_0 is done. And is in the process of commiting
2016-02-20 00:16:22,597 INFO org.apache.hadoop.mapred.LocalJobRunner: 
2016-02-20 00:16:22,598 INFO org.apache.hadoop.mapred.Task: Task attempt_local1656692506_0001_r_000000_0 is allowed to commit now
2016-02-20 00:16:22,599 INFO org.apache.hadoop.mapreduce.lib.output.FileOutputCommitter: Saved output of task 'attempt_local1656692506_0001_r_000000_0' to output
2016-02-20 00:16:22,601 INFO org.apache.hadoop.mapred.LocalJobRunner: reduce > reduce
2016-02-20 00:16:22,602 INFO org.apache.hadoop.mapred.Task: Task 'attempt_local1656692506_0001_r_000000_0' done.
2016-02-20 00:16:22,911 INFO org.apache.hadoop.mapred.JobClient:  map 100% reduce 100%
2016-02-20 00:16:22,911 INFO org.apache.hadoop.mapred.JobClient: Job complete: job_local1656692506_0001
2016-02-20 00:16:22,918 INFO org.apache.hadoop.mapred.JobClient: Counters: 20
2016-02-20 00:16:22,923 INFO org.apache.hadoop.mapred.JobClient:   File System Counters
2016-02-20 00:16:22,923 INFO org.apache.hadoop.mapred.JobClient:     FILE: Number of bytes read=971094
2016-02-20 00:16:22,923 INFO org.apache.hadoop.mapred.JobClient:     FILE: Number of bytes written=177928
2016-02-20 00:16:22,923 INFO org.apache.hadoop.mapred.JobClient:     FILE: Number of read operations=0
2016-02-20 00:16:22,923 INFO org.apache.hadoop.mapred.JobClient:     FILE: Number of large read operations=0
2016-02-20 00:16:22,924 INFO org.apache.hadoop.mapred.JobClient:     FILE: Number of write operations=0
2016-02-20 00:16:22,924 INFO org.apache.hadoop.mapred.JobClient:   Map-Reduce Framework
2016-02-20 00:16:22,924 INFO org.apache.hadoop.mapred.JobClient:     Map input records=5000
2016-02-20 00:16:22,924 INFO org.apache.hadoop.mapred.JobClient:     Map output records=5000
2016-02-20 00:16:22,924 INFO org.apache.hadoop.mapred.JobClient:     Map output bytes=90594
2016-02-20 00:16:22,925 INFO org.apache.hadoop.mapred.JobClient:     Input split bytes=140
2016-02-20 00:16:22,930 INFO org.apache.hadoop.mapred.JobClient:     Combine input records=5000
2016-02-20 00:16:22,931 INFO org.apache.hadoop.mapred.JobClient:     Combine output records=10
2016-02-20 00:16:22,931 INFO org.apache.hadoop.mapred.JobClient:     Reduce input groups=10
2016-02-20 00:16:22,931 INFO org.apache.hadoop.mapred.JobClient:     Reduce shuffle bytes=0
2016-02-20 00:16:22,931 INFO org.apache.hadoop.mapred.JobClient:     Reduce input records=10
2016-02-20 00:16:22,931 INFO org.apache.hadoop.mapred.JobClient:     Reduce output records=10
2016-02-20 00:16:22,931 INFO org.apache.hadoop.mapred.JobClient:     Spilled Records=20
2016-02-20 00:16:22,931 INFO org.apache.hadoop.mapred.JobClient:     CPU time spent (ms)=0
2016-02-20 00:16:22,931 INFO org.apache.hadoop.mapred.JobClient:     Physical memory (bytes) snapshot=0
2016-02-20 00:16:22,932 INFO org.apache.hadoop.mapred.JobClient:     Virtual memory (bytes) snapshot=0
2016-02-20 00:16:22,932 INFO org.apache.hadoop.mapred.JobClient:     Total committed heap usage (bytes)=323878912
