2016-03-07 14:50:28,444 WARN org.apache.hadoop.conf.Configuration: session.id is deprecated. Instead, use dfs.metrics.session-id
2016-03-07 14:50:28,460 INFO org.apache.hadoop.metrics.jvm.JvmMetrics: Initializing JVM Metrics with processName=JobTracker, sessionId=
2016-03-07 14:50:28,583 WARN org.apache.hadoop.mapred.JobClient: Use GenericOptionsParser for parsing the arguments. Applications should implement Tool for the same.
2016-03-07 14:50:28,609 WARN org.apache.hadoop.mapred.JobClient: No job jar file set.  User classes may not be found. See JobConf(Class) or JobConf#setJar(String).
2016-03-07 14:50:28,629 INFO org.apache.hadoop.mapreduce.lib.input.FileInputFormat: Total input paths to process : 1
2016-03-07 14:50:29,060 INFO org.apache.hadoop.mapred.JobClient: Running job: job_local751681750_0001
2016-03-07 14:50:29,063 INFO org.apache.hadoop.mapred.LocalJobRunner: OutputCommitter set in config null
2016-03-07 14:50:29,073 INFO org.apache.hadoop.mapred.LocalJobRunner: OutputCommitter is org.apache.hadoop.mapreduce.lib.output.FileOutputCommitter
2016-03-07 14:50:29,103 INFO org.apache.hadoop.mapred.LocalJobRunner: Waiting for map tasks
2016-03-07 14:50:29,104 INFO org.apache.hadoop.mapred.LocalJobRunner: Starting task: attempt_local751681750_0001_m_000000_0
2016-03-07 14:50:29,162 WARN mapreduce.Counters: Group org.apache.hadoop.mapred.Task$Counter is deprecated. Use org.apache.hadoop.mapreduce.TaskCounter instead
2016-03-07 14:50:29,268 INFO org.apache.hadoop.util.ProcessTree: setsid exited with exit code 0
2016-03-07 14:50:29,313 INFO org.apache.hadoop.mapred.Task:  Using ResourceCalculatorPlugin : org.apache.hadoop.util.LinuxResourceCalculatorPlugin@6548f8c8
2016-03-07 14:50:29,324 INFO org.apache.hadoop.mapred.MapTask: Processing split: file:/home/training/workspace/word_co-occurrence/test/test.txt:0+94
2016-03-07 14:50:29,340 INFO org.apache.hadoop.mapred.MapTask: Map output collector class = org.apache.hadoop.mapred.MapTask$MapOutputBuffer
2016-03-07 14:50:29,344 INFO org.apache.hadoop.mapred.MapTask: io.sort.mb = 100
2016-03-07 14:50:29,500 INFO org.apache.hadoop.mapred.MapTask: data buffer = 79691776/99614720
2016-03-07 14:50:29,500 INFO org.apache.hadoop.mapred.MapTask: record buffer = 262144/327680
2016-03-07 14:50:29,512 INFO org.apache.hadoop.mapred.LocalJobRunner: 
2016-03-07 14:50:29,512 INFO org.apache.hadoop.mapred.MapTask: Starting flush of map output
2016-03-07 14:50:29,540 INFO org.apache.hadoop.mapred.MapTask: Finished spill 0
2016-03-07 14:50:29,543 INFO org.apache.hadoop.mapred.Task: Task:attempt_local751681750_0001_m_000000_0 is done. And is in the process of commiting
2016-03-07 14:50:29,550 INFO org.apache.hadoop.mapred.LocalJobRunner: 
2016-03-07 14:50:29,550 INFO org.apache.hadoop.mapred.Task: Task 'attempt_local751681750_0001_m_000000_0' done.
2016-03-07 14:50:29,550 INFO org.apache.hadoop.mapred.LocalJobRunner: Finishing task: attempt_local751681750_0001_m_000000_0
2016-03-07 14:50:29,551 INFO org.apache.hadoop.mapred.LocalJobRunner: Map task executor complete.
2016-03-07 14:50:29,559 WARN mapreduce.Counters: Group org.apache.hadoop.mapred.Task$Counter is deprecated. Use org.apache.hadoop.mapreduce.TaskCounter instead
2016-03-07 14:50:29,565 INFO org.apache.hadoop.mapred.Task:  Using ResourceCalculatorPlugin : org.apache.hadoop.util.LinuxResourceCalculatorPlugin@40f892a4
2016-03-07 14:50:29,565 INFO org.apache.hadoop.mapred.LocalJobRunner: 
2016-03-07 14:50:29,569 INFO org.apache.hadoop.mapred.Merger: Merging 1 sorted segments
2016-03-07 14:50:29,581 INFO org.apache.hadoop.mapred.Merger: Down to the last merge-pass, with 1 segments left of total size: 270 bytes
2016-03-07 14:50:29,581 INFO org.apache.hadoop.mapred.LocalJobRunner: 
2016-03-07 14:50:29,585 INFO org.apache.hadoop.mapred.Task: Task:attempt_local751681750_0001_r_000000_0 is done. And is in the process of commiting
2016-03-07 14:50:29,586 INFO org.apache.hadoop.mapred.LocalJobRunner: 
2016-03-07 14:50:29,586 INFO org.apache.hadoop.mapred.Task: Task attempt_local751681750_0001_r_000000_0 is allowed to commit now
2016-03-07 14:50:29,588 INFO org.apache.hadoop.mapreduce.lib.output.FileOutputCommitter: Saved output of task 'attempt_local751681750_0001_r_000000_0' to output
2016-03-07 14:50:29,588 INFO org.apache.hadoop.mapred.LocalJobRunner: reduce > reduce
2016-03-07 14:50:29,588 INFO org.apache.hadoop.mapred.Task: Task 'attempt_local751681750_0001_r_000000_0' done.
2016-03-07 14:50:30,063 INFO org.apache.hadoop.mapred.JobClient:  map 100% reduce 100%
2016-03-07 14:50:30,069 INFO org.apache.hadoop.mapred.JobClient: Job complete: job_local751681750_0001
2016-03-07 14:50:30,095 INFO org.apache.hadoop.mapred.JobClient: Counters: 20
2016-03-07 14:50:30,096 INFO org.apache.hadoop.mapred.JobClient:   File System Counters
2016-03-07 14:50:30,097 INFO org.apache.hadoop.mapred.JobClient:     FILE: Number of bytes read=824
2016-03-07 14:50:30,098 INFO org.apache.hadoop.mapred.JobClient:     FILE: Number of bytes written=178326
2016-03-07 14:50:30,099 INFO org.apache.hadoop.mapred.JobClient:     FILE: Number of read operations=0
2016-03-07 14:50:30,099 INFO org.apache.hadoop.mapred.JobClient:     FILE: Number of large read operations=0
2016-03-07 14:50:30,100 INFO org.apache.hadoop.mapred.JobClient:     FILE: Number of write operations=0
2016-03-07 14:50:30,101 INFO org.apache.hadoop.mapred.JobClient:   Map-Reduce Framework
2016-03-07 14:50:30,102 INFO org.apache.hadoop.mapred.JobClient:     Map input records=3
2016-03-07 14:50:30,102 INFO org.apache.hadoop.mapred.JobClient:     Map output records=19
2016-03-07 14:50:30,103 INFO org.apache.hadoop.mapred.JobClient:     Map output bytes=243
2016-03-07 14:50:30,108 INFO org.apache.hadoop.mapred.JobClient:     Input split bytes=127
2016-03-07 14:50:30,113 INFO org.apache.hadoop.mapred.JobClient:     Combine input records=19
2016-03-07 14:50:30,115 INFO org.apache.hadoop.mapred.JobClient:     Combine output records=18
2016-03-07 14:50:30,117 INFO org.apache.hadoop.mapred.JobClient:     Reduce input groups=18
2016-03-07 14:50:30,118 INFO org.apache.hadoop.mapred.JobClient:     Reduce shuffle bytes=0
2016-03-07 14:50:30,119 INFO org.apache.hadoop.mapred.JobClient:     Reduce input records=18
2016-03-07 14:50:30,120 INFO org.apache.hadoop.mapred.JobClient:     Reduce output records=18
2016-03-07 14:50:30,121 INFO org.apache.hadoop.mapred.JobClient:     Spilled Records=36
2016-03-07 14:50:30,122 INFO org.apache.hadoop.mapred.JobClient:     CPU time spent (ms)=0
2016-03-07 14:50:30,123 INFO org.apache.hadoop.mapred.JobClient:     Physical memory (bytes) snapshot=0
2016-03-07 14:50:30,123 INFO org.apache.hadoop.mapred.JobClient:     Virtual memory (bytes) snapshot=0
2016-03-07 14:50:30,124 INFO org.apache.hadoop.mapred.JobClient:     Total committed heap usage (bytes)=323878912
2016-03-07 14:54:55,310 WARN org.apache.hadoop.conf.Configuration: session.id is deprecated. Instead, use dfs.metrics.session-id
2016-03-07 14:54:55,313 INFO org.apache.hadoop.metrics.jvm.JvmMetrics: Initializing JVM Metrics with processName=JobTracker, sessionId=
2016-03-07 14:54:55,514 WARN org.apache.hadoop.mapred.JobClient: Use GenericOptionsParser for parsing the arguments. Applications should implement Tool for the same.
2016-03-07 14:54:55,542 WARN org.apache.hadoop.mapred.JobClient: No job jar file set.  User classes may not be found. See JobConf(Class) or JobConf#setJar(String).
2016-03-07 14:54:55,583 INFO org.apache.hadoop.mapreduce.lib.input.FileInputFormat: Total input paths to process : 1
2016-03-07 14:54:55,981 INFO org.apache.hadoop.mapred.LocalJobRunner: OutputCommitter set in config null
2016-03-07 14:54:55,981 INFO org.apache.hadoop.mapred.JobClient: Running job: job_local1277316011_0001
2016-03-07 14:54:55,991 INFO org.apache.hadoop.mapred.LocalJobRunner: OutputCommitter is org.apache.hadoop.mapreduce.lib.output.FileOutputCommitter
2016-03-07 14:54:56,023 INFO org.apache.hadoop.mapred.LocalJobRunner: Waiting for map tasks
2016-03-07 14:54:56,024 INFO org.apache.hadoop.mapred.LocalJobRunner: Starting task: attempt_local1277316011_0001_m_000000_0
2016-03-07 14:54:56,064 WARN mapreduce.Counters: Group org.apache.hadoop.mapred.Task$Counter is deprecated. Use org.apache.hadoop.mapreduce.TaskCounter instead
2016-03-07 14:54:56,101 INFO org.apache.hadoop.util.ProcessTree: setsid exited with exit code 0
2016-03-07 14:54:56,115 INFO org.apache.hadoop.mapred.Task:  Using ResourceCalculatorPlugin : org.apache.hadoop.util.LinuxResourceCalculatorPlugin@3caa4b
2016-03-07 14:54:56,121 INFO org.apache.hadoop.mapred.MapTask: Processing split: file:/home/training/workspace/word_co-occurrence/test/test.txt:0+95
2016-03-07 14:54:56,130 INFO org.apache.hadoop.mapred.MapTask: Map output collector class = org.apache.hadoop.mapred.MapTask$MapOutputBuffer
2016-03-07 14:54:56,133 INFO org.apache.hadoop.mapred.MapTask: io.sort.mb = 100
2016-03-07 14:54:56,161 INFO org.apache.hadoop.mapred.MapTask: data buffer = 79691776/99614720
2016-03-07 14:54:56,162 INFO org.apache.hadoop.mapred.MapTask: record buffer = 262144/327680
2016-03-07 14:54:56,175 INFO org.apache.hadoop.mapred.LocalJobRunner: 
2016-03-07 14:54:56,175 INFO org.apache.hadoop.mapred.MapTask: Starting flush of map output
2016-03-07 14:54:56,201 INFO org.apache.hadoop.mapred.MapTask: Finished spill 0
2016-03-07 14:54:56,206 INFO org.apache.hadoop.mapred.Task: Task:attempt_local1277316011_0001_m_000000_0 is done. And is in the process of commiting
2016-03-07 14:54:56,214 INFO org.apache.hadoop.mapred.LocalJobRunner: 
2016-03-07 14:54:56,214 INFO org.apache.hadoop.mapred.Task: Task 'attempt_local1277316011_0001_m_000000_0' done.
2016-03-07 14:54:56,215 INFO org.apache.hadoop.mapred.LocalJobRunner: Finishing task: attempt_local1277316011_0001_m_000000_0
2016-03-07 14:54:56,215 INFO org.apache.hadoop.mapred.LocalJobRunner: Map task executor complete.
2016-03-07 14:54:56,221 WARN mapreduce.Counters: Group org.apache.hadoop.mapred.Task$Counter is deprecated. Use org.apache.hadoop.mapreduce.TaskCounter instead
2016-03-07 14:54:56,230 INFO org.apache.hadoop.mapred.Task:  Using ResourceCalculatorPlugin : org.apache.hadoop.util.LinuxResourceCalculatorPlugin@730efd7c
2016-03-07 14:54:56,230 INFO org.apache.hadoop.mapred.LocalJobRunner: 
2016-03-07 14:54:56,238 INFO org.apache.hadoop.mapred.Merger: Merging 1 sorted segments
2016-03-07 14:54:56,246 INFO org.apache.hadoop.mapred.Merger: Down to the last merge-pass, with 1 segments left of total size: 254 bytes
2016-03-07 14:54:56,246 INFO org.apache.hadoop.mapred.LocalJobRunner: 
2016-03-07 14:54:56,251 INFO org.apache.hadoop.mapred.Task: Task:attempt_local1277316011_0001_r_000000_0 is done. And is in the process of commiting
2016-03-07 14:54:56,252 INFO org.apache.hadoop.mapred.LocalJobRunner: 
2016-03-07 14:54:56,252 INFO org.apache.hadoop.mapred.Task: Task attempt_local1277316011_0001_r_000000_0 is allowed to commit now
2016-03-07 14:54:56,256 INFO org.apache.hadoop.mapreduce.lib.output.FileOutputCommitter: Saved output of task 'attempt_local1277316011_0001_r_000000_0' to output
2016-03-07 14:54:56,257 INFO org.apache.hadoop.mapred.LocalJobRunner: reduce > reduce
2016-03-07 14:54:56,257 INFO org.apache.hadoop.mapred.Task: Task 'attempt_local1277316011_0001_r_000000_0' done.
2016-03-07 14:54:56,991 INFO org.apache.hadoop.mapred.JobClient:  map 100% reduce 100%
2016-03-07 14:54:57,000 INFO org.apache.hadoop.mapred.JobClient: Job complete: job_local1277316011_0001
2016-03-07 14:54:57,036 INFO org.apache.hadoop.mapred.JobClient: Counters: 20
2016-03-07 14:54:57,037 INFO org.apache.hadoop.mapred.JobClient:   File System Counters
2016-03-07 14:54:57,039 INFO org.apache.hadoop.mapred.JobClient:     FILE: Number of bytes read=810
2016-03-07 14:54:57,041 INFO org.apache.hadoop.mapred.JobClient:     FILE: Number of bytes written=178290
2016-03-07 14:54:57,043 INFO org.apache.hadoop.mapred.JobClient:     FILE: Number of read operations=0
2016-03-07 14:54:57,050 INFO org.apache.hadoop.mapred.JobClient:     FILE: Number of large read operations=0
2016-03-07 14:54:57,052 INFO org.apache.hadoop.mapred.JobClient:     FILE: Number of write operations=0
2016-03-07 14:54:57,053 INFO org.apache.hadoop.mapred.JobClient:   Map-Reduce Framework
2016-03-07 14:54:57,053 INFO org.apache.hadoop.mapred.JobClient:     Map input records=3
2016-03-07 14:54:57,055 INFO org.apache.hadoop.mapred.JobClient:     Map output records=18
2016-03-07 14:54:57,056 INFO org.apache.hadoop.mapred.JobClient:     Map output bytes=229
2016-03-07 14:54:57,079 INFO org.apache.hadoop.mapred.JobClient:     Input split bytes=127
2016-03-07 14:54:57,079 INFO org.apache.hadoop.mapred.JobClient:     Combine input records=18
2016-03-07 14:54:57,080 INFO org.apache.hadoop.mapred.JobClient:     Combine output records=17
2016-03-07 14:54:57,081 INFO org.apache.hadoop.mapred.JobClient:     Reduce input groups=17
2016-03-07 14:54:57,082 INFO org.apache.hadoop.mapred.JobClient:     Reduce shuffle bytes=0
2016-03-07 14:54:57,083 INFO org.apache.hadoop.mapred.JobClient:     Reduce input records=17
2016-03-07 14:54:57,083 INFO org.apache.hadoop.mapred.JobClient:     Reduce output records=17
2016-03-07 14:54:57,084 INFO org.apache.hadoop.mapred.JobClient:     Spilled Records=34
2016-03-07 14:54:57,085 INFO org.apache.hadoop.mapred.JobClient:     CPU time spent (ms)=0
2016-03-07 14:54:57,086 INFO org.apache.hadoop.mapred.JobClient:     Physical memory (bytes) snapshot=0
2016-03-07 14:54:57,087 INFO org.apache.hadoop.mapred.JobClient:     Virtual memory (bytes) snapshot=0
2016-03-07 14:54:57,087 INFO org.apache.hadoop.mapred.JobClient:     Total committed heap usage (bytes)=323878912
2016-03-07 15:40:36,244 WARN org.apache.hadoop.conf.Configuration: session.id is deprecated. Instead, use dfs.metrics.session-id
2016-03-07 15:40:36,249 INFO org.apache.hadoop.metrics.jvm.JvmMetrics: Initializing JVM Metrics with processName=JobTracker, sessionId=
2016-03-07 15:40:36,479 WARN org.apache.hadoop.mapred.JobClient: Use GenericOptionsParser for parsing the arguments. Applications should implement Tool for the same.
2016-03-07 15:40:36,509 WARN org.apache.hadoop.mapred.JobClient: No job jar file set.  User classes may not be found. See JobConf(Class) or JobConf#setJar(String).
2016-03-07 15:40:36,550 INFO org.apache.hadoop.mapreduce.lib.input.FileInputFormat: Total input paths to process : 1
2016-03-07 15:40:37,311 INFO org.apache.hadoop.mapred.LocalJobRunner: OutputCommitter set in config null
2016-03-07 15:40:37,312 INFO org.apache.hadoop.mapred.JobClient: Running job: job_local1553908781_0001
2016-03-07 15:40:37,331 INFO org.apache.hadoop.mapred.LocalJobRunner: OutputCommitter is org.apache.hadoop.mapreduce.lib.output.FileOutputCommitter
2016-03-07 15:40:37,418 INFO org.apache.hadoop.mapred.LocalJobRunner: Waiting for map tasks
2016-03-07 15:40:37,421 INFO org.apache.hadoop.mapred.LocalJobRunner: Starting task: attempt_local1553908781_0001_m_000000_0
2016-03-07 15:40:37,557 WARN mapreduce.Counters: Group org.apache.hadoop.mapred.Task$Counter is deprecated. Use org.apache.hadoop.mapreduce.TaskCounter instead
2016-03-07 15:40:37,766 INFO org.apache.hadoop.util.ProcessTree: setsid exited with exit code 0
2016-03-07 15:40:37,826 INFO org.apache.hadoop.mapred.Task:  Using ResourceCalculatorPlugin : org.apache.hadoop.util.LinuxResourceCalculatorPlugin@26aae86e
2016-03-07 15:40:37,847 INFO org.apache.hadoop.mapred.MapTask: Processing split: file:/home/training/workspace/word_co-occurrence/test/test.txt:0+95
2016-03-07 15:40:37,890 INFO org.apache.hadoop.mapred.MapTask: Map output collector class = org.apache.hadoop.mapred.MapTask$MapOutputBuffer
2016-03-07 15:40:37,906 INFO org.apache.hadoop.mapred.MapTask: io.sort.mb = 100
2016-03-07 15:40:38,122 INFO org.apache.hadoop.mapred.MapTask: data buffer = 79691776/99614720
2016-03-07 15:40:38,123 INFO org.apache.hadoop.mapred.MapTask: record buffer = 262144/327680
2016-03-07 15:40:38,149 INFO org.apache.hadoop.mapred.LocalJobRunner: 
2016-03-07 15:40:38,149 INFO org.apache.hadoop.mapred.MapTask: Starting flush of map output
2016-03-07 15:40:38,213 INFO org.apache.hadoop.mapred.MapTask: Finished spill 0
2016-03-07 15:40:38,217 INFO org.apache.hadoop.mapred.Task: Task:attempt_local1553908781_0001_m_000000_0 is done. And is in the process of commiting
2016-03-07 15:40:38,228 INFO org.apache.hadoop.mapred.LocalJobRunner: 
2016-03-07 15:40:38,228 INFO org.apache.hadoop.mapred.Task: Task 'attempt_local1553908781_0001_m_000000_0' done.
2016-03-07 15:40:38,229 INFO org.apache.hadoop.mapred.LocalJobRunner: Finishing task: attempt_local1553908781_0001_m_000000_0
2016-03-07 15:40:38,229 INFO org.apache.hadoop.mapred.LocalJobRunner: Map task executor complete.
2016-03-07 15:40:38,238 WARN mapreduce.Counters: Group org.apache.hadoop.mapred.Task$Counter is deprecated. Use org.apache.hadoop.mapreduce.TaskCounter instead
2016-03-07 15:40:38,250 INFO org.apache.hadoop.mapred.Task:  Using ResourceCalculatorPlugin : org.apache.hadoop.util.LinuxResourceCalculatorPlugin@9ac5f13
2016-03-07 15:40:38,251 INFO org.apache.hadoop.mapred.LocalJobRunner: 
2016-03-07 15:40:38,262 INFO org.apache.hadoop.mapred.Merger: Merging 1 sorted segments
2016-03-07 15:40:38,293 INFO org.apache.hadoop.mapred.Merger: Down to the last merge-pass, with 1 segments left of total size: 254 bytes
2016-03-07 15:40:38,294 INFO org.apache.hadoop.mapred.LocalJobRunner: 
2016-03-07 15:40:38,303 INFO org.apache.hadoop.mapred.Task: Task:attempt_local1553908781_0001_r_000000_0 is done. And is in the process of commiting
2016-03-07 15:40:38,304 INFO org.apache.hadoop.mapred.LocalJobRunner: 
2016-03-07 15:40:38,305 INFO org.apache.hadoop.mapred.Task: Task attempt_local1553908781_0001_r_000000_0 is allowed to commit now
2016-03-07 15:40:38,308 INFO org.apache.hadoop.mapreduce.lib.output.FileOutputCommitter: Saved output of task 'attempt_local1553908781_0001_r_000000_0' to output
2016-03-07 15:40:38,310 INFO org.apache.hadoop.mapred.LocalJobRunner: reduce > reduce
2016-03-07 15:40:38,310 INFO org.apache.hadoop.mapred.Task: Task 'attempt_local1553908781_0001_r_000000_0' done.
2016-03-07 15:40:38,324 INFO org.apache.hadoop.mapred.JobClient:  map 100% reduce 100%
2016-03-07 15:40:38,327 INFO org.apache.hadoop.mapred.JobClient: Job complete: job_local1553908781_0001
2016-03-07 15:40:38,347 INFO org.apache.hadoop.mapred.JobClient: Counters: 20
2016-03-07 15:40:38,348 INFO org.apache.hadoop.mapred.JobClient:   File System Counters
2016-03-07 15:40:38,349 INFO org.apache.hadoop.mapred.JobClient:     FILE: Number of bytes read=810
2016-03-07 15:40:38,349 INFO org.apache.hadoop.mapred.JobClient:     FILE: Number of bytes written=178290
2016-03-07 15:40:38,349 INFO org.apache.hadoop.mapred.JobClient:     FILE: Number of read operations=0
2016-03-07 15:40:38,349 INFO org.apache.hadoop.mapred.JobClient:     FILE: Number of large read operations=0
2016-03-07 15:40:38,350 INFO org.apache.hadoop.mapred.JobClient:     FILE: Number of write operations=0
2016-03-07 15:40:38,350 INFO org.apache.hadoop.mapred.JobClient:   Map-Reduce Framework
2016-03-07 15:40:38,350 INFO org.apache.hadoop.mapred.JobClient:     Map input records=3
2016-03-07 15:40:38,350 INFO org.apache.hadoop.mapred.JobClient:     Map output records=18
2016-03-07 15:40:38,351 INFO org.apache.hadoop.mapred.JobClient:     Map output bytes=229
2016-03-07 15:40:38,351 INFO org.apache.hadoop.mapred.JobClient:     Input split bytes=127
2016-03-07 15:40:38,351 INFO org.apache.hadoop.mapred.JobClient:     Combine input records=18
2016-03-07 15:40:38,352 INFO org.apache.hadoop.mapred.JobClient:     Combine output records=17
2016-03-07 15:40:38,352 INFO org.apache.hadoop.mapred.JobClient:     Reduce input groups=17
2016-03-07 15:40:38,352 INFO org.apache.hadoop.mapred.JobClient:     Reduce shuffle bytes=0
2016-03-07 15:40:38,352 INFO org.apache.hadoop.mapred.JobClient:     Reduce input records=17
2016-03-07 15:40:38,353 INFO org.apache.hadoop.mapred.JobClient:     Reduce output records=17
2016-03-07 15:40:38,353 INFO org.apache.hadoop.mapred.JobClient:     Spilled Records=34
2016-03-07 15:40:38,353 INFO org.apache.hadoop.mapred.JobClient:     CPU time spent (ms)=0
2016-03-07 15:40:38,353 INFO org.apache.hadoop.mapred.JobClient:     Physical memory (bytes) snapshot=0
2016-03-07 15:40:38,354 INFO org.apache.hadoop.mapred.JobClient:     Virtual memory (bytes) snapshot=0
2016-03-07 15:40:38,354 INFO org.apache.hadoop.mapred.JobClient:     Total committed heap usage (bytes)=323878912
2016-03-07 15:43:44,115 WARN org.apache.hadoop.conf.Configuration: session.id is deprecated. Instead, use dfs.metrics.session-id
2016-03-07 15:43:44,125 INFO org.apache.hadoop.metrics.jvm.JvmMetrics: Initializing JVM Metrics with processName=JobTracker, sessionId=
2016-03-07 15:43:44,380 WARN org.apache.hadoop.mapred.JobClient: Use GenericOptionsParser for parsing the arguments. Applications should implement Tool for the same.
2016-03-07 15:43:44,409 WARN org.apache.hadoop.mapred.JobClient: No job jar file set.  User classes may not be found. See JobConf(Class) or JobConf#setJar(String).
2016-03-07 15:43:44,430 INFO org.apache.hadoop.mapred.JobClient: Cleaning up the staging area file:/tmp/hadoop-training/mapred/staging/training134743174/.staging/job_local134743174_0001
2016-03-07 15:44:18,695 ERROR org.apache.hadoop.security.UserGroupInformation: PriviledgedActionException as:training (auth:SIMPLE) cause:org.apache.hadoop.mapred.FileAlreadyExistsException: Output directory output already exists
2016-03-07 15:44:56,672 WARN org.apache.hadoop.conf.Configuration: session.id is deprecated. Instead, use dfs.metrics.session-id
2016-03-07 15:44:56,681 INFO org.apache.hadoop.metrics.jvm.JvmMetrics: Initializing JVM Metrics with processName=JobTracker, sessionId=
2016-03-07 15:44:56,919 WARN org.apache.hadoop.mapred.JobClient: Use GenericOptionsParser for parsing the arguments. Applications should implement Tool for the same.
2016-03-07 15:44:56,953 WARN org.apache.hadoop.mapred.JobClient: No job jar file set.  User classes may not be found. See JobConf(Class) or JobConf#setJar(String).
2016-03-07 15:44:57,014 INFO org.apache.hadoop.mapreduce.lib.input.FileInputFormat: Total input paths to process : 1
2016-03-07 15:44:57,852 INFO org.apache.hadoop.mapred.LocalJobRunner: OutputCommitter set in config null
2016-03-07 15:44:57,856 INFO org.apache.hadoop.mapred.JobClient: Running job: job_local1302230873_0001
2016-03-07 15:44:57,875 INFO org.apache.hadoop.mapred.LocalJobRunner: OutputCommitter is org.apache.hadoop.mapreduce.lib.output.FileOutputCommitter
2016-03-07 15:44:57,953 INFO org.apache.hadoop.mapred.LocalJobRunner: Waiting for map tasks
2016-03-07 15:44:57,959 INFO org.apache.hadoop.mapred.LocalJobRunner: Starting task: attempt_local1302230873_0001_m_000000_0
2016-03-07 15:44:58,058 WARN mapreduce.Counters: Group org.apache.hadoop.mapred.Task$Counter is deprecated. Use org.apache.hadoop.mapreduce.TaskCounter instead
2016-03-07 15:44:58,165 INFO org.apache.hadoop.util.ProcessTree: setsid exited with exit code 0
2016-03-07 15:44:58,235 INFO org.apache.hadoop.mapred.Task:  Using ResourceCalculatorPlugin : org.apache.hadoop.util.LinuxResourceCalculatorPlugin@56ee20fe
2016-03-07 15:44:58,295 INFO org.apache.hadoop.mapred.MapTask: Processing split: file:/home/training/workspace/word_co-occurrence/test/test.txt:0+96
2016-03-07 15:44:58,312 INFO org.apache.hadoop.mapred.MapTask: Map output collector class = org.apache.hadoop.mapred.MapTask$MapOutputBuffer
2016-03-07 15:44:58,316 INFO org.apache.hadoop.mapred.MapTask: io.sort.mb = 100
2016-03-07 15:44:58,356 INFO org.apache.hadoop.mapred.MapTask: data buffer = 79691776/99614720
2016-03-07 15:44:58,357 INFO org.apache.hadoop.mapred.MapTask: record buffer = 262144/327680
2016-03-07 15:44:58,873 INFO org.apache.hadoop.mapred.JobClient:  map 0% reduce 0%
2016-03-07 15:45:04,158 INFO org.apache.hadoop.mapred.LocalJobRunner: 
2016-03-07 15:45:04,881 INFO org.apache.hadoop.mapred.JobClient:  map 35% reduce 0%
2016-03-07 15:46:16,190 INFO org.apache.hadoop.mapred.LocalJobRunner: 
2016-03-07 15:55:01,387 INFO org.apache.hadoop.mapred.LocalJobRunner: 
2016-03-07 15:55:02,083 INFO org.apache.hadoop.mapred.JobClient:  map 36% reduce 0%
2016-03-07 15:58:16,448 INFO org.apache.hadoop.mapred.LocalJobRunner: 
2016-03-07 15:58:17,406 INFO org.apache.hadoop.mapred.JobClient:  map 87% reduce 0%
2016-03-07 15:58:22,449 INFO org.apache.hadoop.mapred.LocalJobRunner: 
2016-03-07 16:05:06,091 WARN org.apache.hadoop.conf.Configuration: session.id is deprecated. Instead, use dfs.metrics.session-id
2016-03-07 16:05:06,105 INFO org.apache.hadoop.metrics.jvm.JvmMetrics: Initializing JVM Metrics with processName=JobTracker, sessionId=
2016-03-07 16:05:21,488 WARN org.apache.hadoop.conf.Configuration: session.id is deprecated. Instead, use dfs.metrics.session-id
2016-03-07 16:05:21,494 INFO org.apache.hadoop.metrics.jvm.JvmMetrics: Initializing JVM Metrics with processName=JobTracker, sessionId=
2016-03-07 16:05:21,698 WARN org.apache.hadoop.mapred.JobClient: Use GenericOptionsParser for parsing the arguments. Applications should implement Tool for the same.
2016-03-07 16:05:21,718 WARN org.apache.hadoop.mapred.JobClient: No job jar file set.  User classes may not be found. See JobConf(Class) or JobConf#setJar(String).
2016-03-07 16:05:21,738 INFO org.apache.hadoop.mapred.JobClient: Cleaning up the staging area file:/tmp/hadoop-training/mapred/staging/training878086730/.staging/job_local878086730_0001
2016-03-07 16:05:21,739 ERROR org.apache.hadoop.security.UserGroupInformation: PriviledgedActionException as:training (auth:SIMPLE) cause:org.apache.hadoop.mapred.FileAlreadyExistsException: Output directory output already exists
2016-03-07 16:05:37,439 WARN org.apache.hadoop.conf.Configuration: session.id is deprecated. Instead, use dfs.metrics.session-id
2016-03-07 16:05:37,445 INFO org.apache.hadoop.metrics.jvm.JvmMetrics: Initializing JVM Metrics with processName=JobTracker, sessionId=
2016-03-07 16:05:37,672 WARN org.apache.hadoop.mapred.JobClient: Use GenericOptionsParser for parsing the arguments. Applications should implement Tool for the same.
2016-03-07 16:05:37,697 WARN org.apache.hadoop.mapred.JobClient: No job jar file set.  User classes may not be found. See JobConf(Class) or JobConf#setJar(String).
2016-03-07 16:05:37,755 INFO org.apache.hadoop.mapreduce.lib.input.FileInputFormat: Total input paths to process : 1
2016-03-07 16:05:38,219 INFO org.apache.hadoop.mapred.JobClient: Running job: job_local971321021_0001
2016-03-07 16:05:38,221 INFO org.apache.hadoop.mapred.LocalJobRunner: OutputCommitter set in config null
2016-03-07 16:05:38,229 INFO org.apache.hadoop.mapred.LocalJobRunner: OutputCommitter is org.apache.hadoop.mapreduce.lib.output.FileOutputCommitter
2016-03-07 16:05:38,240 INFO org.apache.hadoop.mapred.LocalJobRunner: Waiting for map tasks
2016-03-07 16:05:38,242 INFO org.apache.hadoop.mapred.LocalJobRunner: Starting task: attempt_local971321021_0001_m_000000_0
2016-03-07 16:05:38,270 WARN mapreduce.Counters: Group org.apache.hadoop.mapred.Task$Counter is deprecated. Use org.apache.hadoop.mapreduce.TaskCounter instead
2016-03-07 16:05:38,319 INFO org.apache.hadoop.util.ProcessTree: setsid exited with exit code 0
2016-03-07 16:05:38,331 INFO org.apache.hadoop.mapred.Task:  Using ResourceCalculatorPlugin : org.apache.hadoop.util.LinuxResourceCalculatorPlugin@7a7cd37a
2016-03-07 16:05:38,337 INFO org.apache.hadoop.mapred.MapTask: Processing split: file:/home/training/workspace/word_co-occurrence/test/test.txt:0+131
2016-03-07 16:05:38,346 INFO org.apache.hadoop.mapred.MapTask: Map output collector class = org.apache.hadoop.mapred.MapTask$MapOutputBuffer
2016-03-07 16:05:38,353 INFO org.apache.hadoop.mapred.MapTask: io.sort.mb = 100
2016-03-07 16:05:38,407 INFO org.apache.hadoop.mapred.MapTask: data buffer = 79691776/99614720
2016-03-07 16:05:38,407 INFO org.apache.hadoop.mapred.MapTask: record buffer = 262144/327680
2016-03-07 16:05:38,436 INFO org.apache.hadoop.mapred.LocalJobRunner: 
2016-03-07 16:05:38,445 INFO org.apache.hadoop.mapred.MapTask: Starting flush of map output
2016-03-07 16:05:38,497 INFO org.apache.hadoop.mapred.MapTask: Finished spill 0
2016-03-07 16:05:38,501 INFO org.apache.hadoop.mapred.Task: Task:attempt_local971321021_0001_m_000000_0 is done. And is in the process of commiting
2016-03-07 16:05:38,521 INFO org.apache.hadoop.mapred.LocalJobRunner: 
2016-03-07 16:05:38,521 INFO org.apache.hadoop.mapred.Task: Task 'attempt_local971321021_0001_m_000000_0' done.
2016-03-07 16:05:38,521 INFO org.apache.hadoop.mapred.LocalJobRunner: Finishing task: attempt_local971321021_0001_m_000000_0
2016-03-07 16:05:38,521 INFO org.apache.hadoop.mapred.LocalJobRunner: Map task executor complete.
2016-03-07 16:05:38,525 WARN mapreduce.Counters: Group org.apache.hadoop.mapred.Task$Counter is deprecated. Use org.apache.hadoop.mapreduce.TaskCounter instead
2016-03-07 16:05:38,545 INFO org.apache.hadoop.mapred.Task:  Using ResourceCalculatorPlugin : org.apache.hadoop.util.LinuxResourceCalculatorPlugin@58df0438
2016-03-07 16:05:38,546 INFO org.apache.hadoop.mapred.LocalJobRunner: 
2016-03-07 16:05:38,555 INFO org.apache.hadoop.mapred.Merger: Merging 1 sorted segments
2016-03-07 16:05:38,594 INFO org.apache.hadoop.mapred.Merger: Down to the last merge-pass, with 1 segments left of total size: 236 bytes
2016-03-07 16:05:38,595 INFO org.apache.hadoop.mapred.LocalJobRunner: 
2016-03-07 16:05:38,613 INFO org.apache.hadoop.mapred.Task: Task:attempt_local971321021_0001_r_000000_0 is done. And is in the process of commiting
2016-03-07 16:05:38,613 INFO org.apache.hadoop.mapred.LocalJobRunner: 
2016-03-07 16:05:38,613 INFO org.apache.hadoop.mapred.Task: Task attempt_local971321021_0001_r_000000_0 is allowed to commit now
2016-03-07 16:05:38,615 INFO org.apache.hadoop.mapreduce.lib.output.FileOutputCommitter: Saved output of task 'attempt_local971321021_0001_r_000000_0' to output
2016-03-07 16:05:38,619 INFO org.apache.hadoop.mapred.LocalJobRunner: reduce > reduce
2016-03-07 16:05:38,619 INFO org.apache.hadoop.mapred.Task: Task 'attempt_local971321021_0001_r_000000_0' done.
2016-03-07 16:05:39,222 INFO org.apache.hadoop.mapred.JobClient:  map 100% reduce 100%
2016-03-07 16:05:39,227 INFO org.apache.hadoop.mapred.JobClient: Job complete: job_local971321021_0001
2016-03-07 16:05:39,251 INFO org.apache.hadoop.mapred.JobClient: Counters: 20
2016-03-07 16:05:39,251 INFO org.apache.hadoop.mapred.JobClient:   File System Counters
2016-03-07 16:05:39,252 INFO org.apache.hadoop.mapred.JobClient:     FILE: Number of bytes read=866
2016-03-07 16:05:39,253 INFO org.apache.hadoop.mapred.JobClient:     FILE: Number of bytes written=178234
2016-03-07 16:05:39,253 INFO org.apache.hadoop.mapred.JobClient:     FILE: Number of read operations=0
2016-03-07 16:05:39,254 INFO org.apache.hadoop.mapred.JobClient:     FILE: Number of large read operations=0
2016-03-07 16:05:39,254 INFO org.apache.hadoop.mapred.JobClient:     FILE: Number of write operations=0
2016-03-07 16:05:39,255 INFO org.apache.hadoop.mapred.JobClient:   Map-Reduce Framework
2016-03-07 16:05:39,255 INFO org.apache.hadoop.mapred.JobClient:     Map input records=9
2016-03-07 16:05:39,255 INFO org.apache.hadoop.mapred.JobClient:     Map output records=17
2016-03-07 16:05:39,256 INFO org.apache.hadoop.mapred.JobClient:     Map output bytes=213
2016-03-07 16:05:39,256 INFO org.apache.hadoop.mapred.JobClient:     Input split bytes=127
2016-03-07 16:05:39,257 INFO org.apache.hadoop.mapred.JobClient:     Combine input records=17
2016-03-07 16:05:39,257 INFO org.apache.hadoop.mapred.JobClient:     Combine output records=16
2016-03-07 16:05:39,258 INFO org.apache.hadoop.mapred.JobClient:     Reduce input groups=16
2016-03-07 16:05:39,258 INFO org.apache.hadoop.mapred.JobClient:     Reduce shuffle bytes=0
2016-03-07 16:05:39,259 INFO org.apache.hadoop.mapred.JobClient:     Reduce input records=16
2016-03-07 16:05:39,260 INFO org.apache.hadoop.mapred.JobClient:     Reduce output records=16
2016-03-07 16:05:39,260 INFO org.apache.hadoop.mapred.JobClient:     Spilled Records=32
2016-03-07 16:05:39,261 INFO org.apache.hadoop.mapred.JobClient:     CPU time spent (ms)=0
2016-03-07 16:05:39,262 INFO org.apache.hadoop.mapred.JobClient:     Physical memory (bytes) snapshot=0
2016-03-07 16:05:39,262 INFO org.apache.hadoop.mapred.JobClient:     Virtual memory (bytes) snapshot=0
2016-03-07 16:05:39,263 INFO org.apache.hadoop.mapred.JobClient:     Total committed heap usage (bytes)=323878912
2016-03-07 16:12:12,668 WARN org.apache.hadoop.conf.Configuration: session.id is deprecated. Instead, use dfs.metrics.session-id
2016-03-07 16:12:12,670 INFO org.apache.hadoop.metrics.jvm.JvmMetrics: Initializing JVM Metrics with processName=JobTracker, sessionId=
2016-03-07 16:12:12,826 WARN org.apache.hadoop.mapred.JobClient: Use GenericOptionsParser for parsing the arguments. Applications should implement Tool for the same.
2016-03-07 16:12:12,837 WARN org.apache.hadoop.mapred.JobClient: No job jar file set.  User classes may not be found. See JobConf(Class) or JobConf#setJar(String).
2016-03-07 16:12:12,872 INFO org.apache.hadoop.mapreduce.lib.input.FileInputFormat: Total input paths to process : 4
2016-03-07 16:12:13,294 INFO org.apache.hadoop.mapred.JobClient: Running job: job_local519303882_0001
2016-03-07 16:12:13,298 INFO org.apache.hadoop.mapred.LocalJobRunner: OutputCommitter set in config null
2016-03-07 16:12:13,323 INFO org.apache.hadoop.mapred.LocalJobRunner: OutputCommitter is org.apache.hadoop.mapreduce.lib.output.FileOutputCommitter
2016-03-07 16:12:13,377 INFO org.apache.hadoop.mapred.LocalJobRunner: Waiting for map tasks
2016-03-07 16:12:13,389 INFO org.apache.hadoop.mapred.LocalJobRunner: Starting task: attempt_local519303882_0001_m_000000_0
2016-03-07 16:12:13,456 WARN mapreduce.Counters: Group org.apache.hadoop.mapred.Task$Counter is deprecated. Use org.apache.hadoop.mapreduce.TaskCounter instead
2016-03-07 16:12:13,578 INFO org.apache.hadoop.util.ProcessTree: setsid exited with exit code 0
2016-03-07 16:12:13,631 INFO org.apache.hadoop.mapred.Task:  Using ResourceCalculatorPlugin : org.apache.hadoop.util.LinuxResourceCalculatorPlugin@1fc4f0f8
2016-03-07 16:12:13,640 INFO org.apache.hadoop.mapred.MapTask: Processing split: file:/home/training/workspace/word_co-occurrence/shakespeare/comedies:0+1784616
2016-03-07 16:12:13,691 INFO org.apache.hadoop.mapred.MapTask: Map output collector class = org.apache.hadoop.mapred.MapTask$MapOutputBuffer
2016-03-07 16:12:13,696 INFO org.apache.hadoop.mapred.MapTask: io.sort.mb = 100
2016-03-07 16:12:13,755 INFO org.apache.hadoop.mapred.MapTask: data buffer = 79691776/99614720
2016-03-07 16:12:13,756 INFO org.apache.hadoop.mapred.MapTask: record buffer = 262144/327680
2016-03-07 16:12:14,298 INFO org.apache.hadoop.mapred.JobClient:  map 0% reduce 0%
2016-03-07 16:12:16,635 INFO org.apache.hadoop.mapred.LocalJobRunner: 
2016-03-07 16:12:16,636 INFO org.apache.hadoop.mapred.MapTask: Starting flush of map output
2016-03-07 16:12:19,550 INFO org.apache.hadoop.mapred.LocalJobRunner: 
2016-03-07 16:12:20,304 INFO org.apache.hadoop.mapred.JobClient:  map 25% reduce 0%
2016-03-07 16:12:20,533 INFO org.apache.hadoop.mapred.MapTask: Finished spill 0
2016-03-07 16:12:20,540 INFO org.apache.hadoop.mapred.Task: Task:attempt_local519303882_0001_m_000000_0 is done. And is in the process of commiting
2016-03-07 16:12:20,544 INFO org.apache.hadoop.mapred.LocalJobRunner: 
2016-03-07 16:12:20,545 INFO org.apache.hadoop.mapred.Task: Task 'attempt_local519303882_0001_m_000000_0' done.
2016-03-07 16:12:20,545 INFO org.apache.hadoop.mapred.LocalJobRunner: Finishing task: attempt_local519303882_0001_m_000000_0
2016-03-07 16:12:20,546 INFO org.apache.hadoop.mapred.LocalJobRunner: Starting task: attempt_local519303882_0001_m_000001_0
2016-03-07 16:12:20,547 WARN mapreduce.Counters: Group org.apache.hadoop.mapred.Task$Counter is deprecated. Use org.apache.hadoop.mapreduce.TaskCounter instead
2016-03-07 16:12:20,551 INFO org.apache.hadoop.mapred.Task:  Using ResourceCalculatorPlugin : org.apache.hadoop.util.LinuxResourceCalculatorPlugin@56acdd02
2016-03-07 16:12:20,561 INFO org.apache.hadoop.mapred.MapTask: Processing split: file:/home/training/workspace/word_co-occurrence/shakespeare/tragedies:0+1752440
2016-03-07 16:12:20,569 INFO org.apache.hadoop.mapred.MapTask: Map output collector class = org.apache.hadoop.mapred.MapTask$MapOutputBuffer
2016-03-07 16:12:20,572 INFO org.apache.hadoop.mapred.MapTask: io.sort.mb = 100
2016-03-07 16:12:20,935 INFO org.apache.hadoop.mapred.MapTask: data buffer = 79691776/99614720
2016-03-07 16:12:20,936 INFO org.apache.hadoop.mapred.MapTask: record buffer = 262144/327680
2016-03-07 16:12:23,660 INFO org.apache.hadoop.mapred.LocalJobRunner: 
2016-03-07 16:12:23,661 INFO org.apache.hadoop.mapred.MapTask: Starting flush of map output
2016-03-07 16:12:26,015 INFO org.apache.hadoop.mapred.MapTask: Finished spill 0
2016-03-07 16:12:26,019 INFO org.apache.hadoop.mapred.Task: Task:attempt_local519303882_0001_m_000001_0 is done. And is in the process of commiting
2016-03-07 16:12:26,022 INFO org.apache.hadoop.mapred.LocalJobRunner: 
2016-03-07 16:12:26,023 INFO org.apache.hadoop.mapred.Task: Task 'attempt_local519303882_0001_m_000001_0' done.
2016-03-07 16:12:26,023 INFO org.apache.hadoop.mapred.LocalJobRunner: Finishing task: attempt_local519303882_0001_m_000001_0
2016-03-07 16:12:26,023 INFO org.apache.hadoop.mapred.LocalJobRunner: Starting task: attempt_local519303882_0001_m_000002_0
2016-03-07 16:12:26,024 WARN mapreduce.Counters: Group org.apache.hadoop.mapred.Task$Counter is deprecated. Use org.apache.hadoop.mapreduce.TaskCounter instead
2016-03-07 16:12:26,026 INFO org.apache.hadoop.mapred.Task:  Using ResourceCalculatorPlugin : org.apache.hadoop.util.LinuxResourceCalculatorPlugin@d5d4de6
2016-03-07 16:12:26,029 INFO org.apache.hadoop.mapred.MapTask: Processing split: file:/home/training/workspace/word_co-occurrence/shakespeare/histories:0+1479035
2016-03-07 16:12:26,030 INFO org.apache.hadoop.mapred.MapTask: Map output collector class = org.apache.hadoop.mapred.MapTask$MapOutputBuffer
2016-03-07 16:12:26,031 INFO org.apache.hadoop.mapred.MapTask: io.sort.mb = 100
2016-03-07 16:12:26,170 INFO org.apache.hadoop.mapred.MapTask: data buffer = 79691776/99614720
2016-03-07 16:12:26,171 INFO org.apache.hadoop.mapred.MapTask: record buffer = 262144/327680
2016-03-07 16:12:26,310 INFO org.apache.hadoop.mapred.JobClient:  map 50% reduce 0%
2016-03-07 16:12:27,337 INFO org.apache.hadoop.mapred.LocalJobRunner: 
2016-03-07 16:12:27,338 INFO org.apache.hadoop.mapred.MapTask: Starting flush of map output
2016-03-07 16:12:28,491 INFO org.apache.hadoop.mapred.MapTask: Finished spill 0
2016-03-07 16:12:28,496 INFO org.apache.hadoop.mapred.Task: Task:attempt_local519303882_0001_m_000002_0 is done. And is in the process of commiting
2016-03-07 16:12:28,498 INFO org.apache.hadoop.mapred.LocalJobRunner: 
2016-03-07 16:12:28,498 INFO org.apache.hadoop.mapred.Task: Task 'attempt_local519303882_0001_m_000002_0' done.
2016-03-07 16:12:28,499 INFO org.apache.hadoop.mapred.LocalJobRunner: Finishing task: attempt_local519303882_0001_m_000002_0
2016-03-07 16:12:28,499 INFO org.apache.hadoop.mapred.LocalJobRunner: Starting task: attempt_local519303882_0001_m_000003_0
2016-03-07 16:12:28,500 WARN mapreduce.Counters: Group org.apache.hadoop.mapred.Task$Counter is deprecated. Use org.apache.hadoop.mapreduce.TaskCounter instead
2016-03-07 16:12:28,502 INFO org.apache.hadoop.mapred.Task:  Using ResourceCalculatorPlugin : org.apache.hadoop.util.LinuxResourceCalculatorPlugin@1380cf2a
2016-03-07 16:12:28,505 INFO org.apache.hadoop.mapred.MapTask: Processing split: file:/home/training/workspace/word_co-occurrence/shakespeare/poems:0+268140
2016-03-07 16:12:28,506 INFO org.apache.hadoop.mapred.MapTask: Map output collector class = org.apache.hadoop.mapred.MapTask$MapOutputBuffer
2016-03-07 16:12:28,507 INFO org.apache.hadoop.mapred.MapTask: io.sort.mb = 100
2016-03-07 16:12:28,632 INFO org.apache.hadoop.mapred.MapTask: data buffer = 79691776/99614720
2016-03-07 16:12:28,633 INFO org.apache.hadoop.mapred.MapTask: record buffer = 262144/327680
2016-03-07 16:12:28,912 INFO org.apache.hadoop.mapred.LocalJobRunner: 
2016-03-07 16:12:28,913 INFO org.apache.hadoop.mapred.MapTask: Starting flush of map output
2016-03-07 16:12:29,152 INFO org.apache.hadoop.mapred.MapTask: Finished spill 0
2016-03-07 16:12:29,156 INFO org.apache.hadoop.mapred.Task: Task:attempt_local519303882_0001_m_000003_0 is done. And is in the process of commiting
2016-03-07 16:12:29,159 INFO org.apache.hadoop.mapred.LocalJobRunner: 
2016-03-07 16:12:29,160 INFO org.apache.hadoop.mapred.Task: Task 'attempt_local519303882_0001_m_000003_0' done.
2016-03-07 16:12:29,160 INFO org.apache.hadoop.mapred.LocalJobRunner: Finishing task: attempt_local519303882_0001_m_000003_0
2016-03-07 16:12:29,160 INFO org.apache.hadoop.mapred.LocalJobRunner: Map task executor complete.
2016-03-07 16:12:29,173 WARN mapreduce.Counters: Group org.apache.hadoop.mapred.Task$Counter is deprecated. Use org.apache.hadoop.mapreduce.TaskCounter instead
2016-03-07 16:12:29,226 INFO org.apache.hadoop.mapred.Task:  Using ResourceCalculatorPlugin : org.apache.hadoop.util.LinuxResourceCalculatorPlugin@722d95b3
2016-03-07 16:12:29,228 INFO org.apache.hadoop.mapred.LocalJobRunner: 
2016-03-07 16:12:29,246 INFO org.apache.hadoop.mapred.Merger: Merging 4 sorted segments
2016-03-07 16:12:29,286 INFO org.apache.hadoop.mapred.Merger: Down to the last merge-pass, with 4 segments left of total size: 6178258 bytes
2016-03-07 16:12:29,287 INFO org.apache.hadoop.mapred.LocalJobRunner: 
2016-03-07 16:12:29,315 INFO org.apache.hadoop.mapred.JobClient:  map 100% reduce 0%
2016-03-07 16:12:31,187 INFO org.apache.hadoop.mapred.Task: Task:attempt_local519303882_0001_r_000000_0 is done. And is in the process of commiting
2016-03-07 16:12:31,188 INFO org.apache.hadoop.mapred.LocalJobRunner: 
2016-03-07 16:12:31,189 INFO org.apache.hadoop.mapred.Task: Task attempt_local519303882_0001_r_000000_0 is allowed to commit now
2016-03-07 16:12:31,194 INFO org.apache.hadoop.mapreduce.lib.output.FileOutputCommitter: Saved output of task 'attempt_local519303882_0001_r_000000_0' to output
2016-03-07 16:12:31,196 INFO org.apache.hadoop.mapred.LocalJobRunner: reduce > reduce
2016-03-07 16:12:31,196 INFO org.apache.hadoop.mapred.Task: Task 'attempt_local519303882_0001_r_000000_0' done.
2016-03-07 16:12:31,317 INFO org.apache.hadoop.mapred.JobClient:  map 100% reduce 100%
2016-03-07 16:12:31,318 INFO org.apache.hadoop.mapred.JobClient: Job complete: job_local519303882_0001
2016-03-07 16:12:31,350 INFO org.apache.hadoop.mapred.JobClient: Counters: 20
2016-03-07 16:12:31,351 INFO org.apache.hadoop.mapred.JobClient:   File System Counters
2016-03-07 16:12:31,352 INFO org.apache.hadoop.mapred.JobClient:     FILE: Number of bytes read=27092766
2016-03-07 16:12:31,352 INFO org.apache.hadoop.mapred.JobClient:     FILE: Number of bytes written=28231256
2016-03-07 16:12:31,353 INFO org.apache.hadoop.mapred.JobClient:     FILE: Number of read operations=0
2016-03-07 16:12:31,354 INFO org.apache.hadoop.mapred.JobClient:     FILE: Number of large read operations=0
2016-03-07 16:12:31,355 INFO org.apache.hadoop.mapred.JobClient:     FILE: Number of write operations=0
2016-03-07 16:12:31,356 INFO org.apache.hadoop.mapred.JobClient:   Map-Reduce Framework
2016-03-07 16:12:31,357 INFO org.apache.hadoop.mapred.JobClient:     Map input records=173126
2016-03-07 16:12:31,357 INFO org.apache.hadoop.mapred.JobClient:     Map output records=754944
2016-03-07 16:12:31,358 INFO org.apache.hadoop.mapred.JobClient:     Map output bytes=10744143
2016-03-07 16:12:31,359 INFO org.apache.hadoop.mapred.JobClient:     Input split bytes=535
2016-03-07 16:12:31,360 INFO org.apache.hadoop.mapred.JobClient:     Combine input records=754944
2016-03-07 16:12:31,360 INFO org.apache.hadoop.mapred.JobClient:     Combine output records=351902
2016-03-07 16:12:31,361 INFO org.apache.hadoop.mapred.JobClient:     Reduce input groups=273008
2016-03-07 16:12:31,362 INFO org.apache.hadoop.mapred.JobClient:     Reduce shuffle bytes=0
2016-03-07 16:12:31,362 INFO org.apache.hadoop.mapred.JobClient:     Reduce input records=351902
2016-03-07 16:12:31,363 INFO org.apache.hadoop.mapred.JobClient:     Reduce output records=273008
2016-03-07 16:12:31,364 INFO org.apache.hadoop.mapred.JobClient:     Spilled Records=703804
2016-03-07 16:12:31,365 INFO org.apache.hadoop.mapred.JobClient:     CPU time spent (ms)=0
2016-03-07 16:12:31,365 INFO org.apache.hadoop.mapred.JobClient:     Physical memory (bytes) snapshot=0
2016-03-07 16:12:31,366 INFO org.apache.hadoop.mapred.JobClient:     Virtual memory (bytes) snapshot=0
2016-03-07 16:12:31,367 INFO org.apache.hadoop.mapred.JobClient:     Total committed heap usage (bytes)=2293235712
2016-03-07 16:53:17,860 WARN org.apache.hadoop.conf.Configuration: session.id is deprecated. Instead, use dfs.metrics.session-id
2016-03-07 16:53:17,864 INFO org.apache.hadoop.metrics.jvm.JvmMetrics: Initializing JVM Metrics with processName=JobTracker, sessionId=
2016-03-07 16:53:18,162 WARN org.apache.hadoop.mapred.JobClient: Use GenericOptionsParser for parsing the arguments. Applications should implement Tool for the same.
2016-03-07 16:53:18,181 WARN org.apache.hadoop.mapred.JobClient: No job jar file set.  User classes may not be found. See JobConf(Class) or JobConf#setJar(String).
2016-03-07 16:53:18,205 INFO org.apache.hadoop.mapreduce.lib.input.FileInputFormat: Total input paths to process : 1
2016-03-07 16:53:18,716 INFO org.apache.hadoop.mapred.JobClient: Running job: job_local528039944_0001
2016-03-07 16:53:18,719 INFO org.apache.hadoop.mapred.LocalJobRunner: OutputCommitter set in config null
2016-03-07 16:53:18,732 INFO org.apache.hadoop.mapred.LocalJobRunner: OutputCommitter is org.apache.hadoop.mapreduce.lib.output.FileOutputCommitter
2016-03-07 16:53:18,780 INFO org.apache.hadoop.mapred.LocalJobRunner: Waiting for map tasks
2016-03-07 16:53:18,784 INFO org.apache.hadoop.mapred.LocalJobRunner: Starting task: attempt_local528039944_0001_m_000000_0
2016-03-07 16:53:18,862 WARN mapreduce.Counters: Group org.apache.hadoop.mapred.Task$Counter is deprecated. Use org.apache.hadoop.mapreduce.TaskCounter instead
2016-03-07 16:53:19,007 INFO org.apache.hadoop.util.ProcessTree: setsid exited with exit code 0
2016-03-07 16:53:19,070 INFO org.apache.hadoop.mapred.Task:  Using ResourceCalculatorPlugin : org.apache.hadoop.util.LinuxResourceCalculatorPlugin@656dc861
2016-03-07 16:53:19,089 INFO org.apache.hadoop.mapred.MapTask: Processing split: file:/home/training/workspace/word_co-occurrence/test/test.txt:0+22
2016-03-07 16:53:19,123 INFO org.apache.hadoop.mapred.MapTask: Map output collector class = org.apache.hadoop.mapred.MapTask$MapOutputBuffer
2016-03-07 16:53:19,139 INFO org.apache.hadoop.mapred.MapTask: io.sort.mb = 100
2016-03-07 16:53:19,221 INFO org.apache.hadoop.mapred.MapTask: data buffer = 79691776/99614720
2016-03-07 16:53:19,222 INFO org.apache.hadoop.mapred.MapTask: record buffer = 262144/327680
2016-03-07 16:53:19,278 INFO org.apache.hadoop.mapred.LocalJobRunner: 
2016-03-07 16:53:19,278 INFO org.apache.hadoop.mapred.MapTask: Starting flush of map output
2016-03-07 16:53:19,374 INFO org.apache.hadoop.mapred.MapTask: Finished spill 0
2016-03-07 16:53:19,389 INFO org.apache.hadoop.mapred.Task: Task:attempt_local528039944_0001_m_000000_0 is done. And is in the process of commiting
2016-03-07 16:53:19,439 INFO org.apache.hadoop.mapred.LocalJobRunner: 
2016-03-07 16:53:19,440 INFO org.apache.hadoop.mapred.Task: Task 'attempt_local528039944_0001_m_000000_0' done.
2016-03-07 16:53:19,440 INFO org.apache.hadoop.mapred.LocalJobRunner: Finishing task: attempt_local528039944_0001_m_000000_0
2016-03-07 16:53:19,448 INFO org.apache.hadoop.mapred.LocalJobRunner: Map task executor complete.
2016-03-07 16:53:19,468 WARN mapreduce.Counters: Group org.apache.hadoop.mapred.Task$Counter is deprecated. Use org.apache.hadoop.mapreduce.TaskCounter instead
2016-03-07 16:53:19,507 INFO org.apache.hadoop.mapred.Task:  Using ResourceCalculatorPlugin : org.apache.hadoop.util.LinuxResourceCalculatorPlugin@1395dd5b
2016-03-07 16:53:19,518 INFO org.apache.hadoop.mapred.LocalJobRunner: 
2016-03-07 16:53:19,539 INFO org.apache.hadoop.mapred.Merger: Merging 1 sorted segments
2016-03-07 16:53:19,608 INFO org.apache.hadoop.mapred.Merger: Down to the last merge-pass, with 1 segments left of total size: 55 bytes
2016-03-07 16:53:19,611 INFO org.apache.hadoop.mapred.LocalJobRunner: 
2016-03-07 16:53:19,628 INFO org.apache.hadoop.mapred.Task: Task:attempt_local528039944_0001_r_000000_0 is done. And is in the process of commiting
2016-03-07 16:53:19,629 INFO org.apache.hadoop.mapred.LocalJobRunner: 
2016-03-07 16:53:19,629 INFO org.apache.hadoop.mapred.Task: Task attempt_local528039944_0001_r_000000_0 is allowed to commit now
2016-03-07 16:53:19,632 INFO org.apache.hadoop.mapreduce.lib.output.FileOutputCommitter: Saved output of task 'attempt_local528039944_0001_r_000000_0' to output
2016-03-07 16:53:19,633 INFO org.apache.hadoop.mapred.LocalJobRunner: reduce > reduce
2016-03-07 16:53:19,634 INFO org.apache.hadoop.mapred.Task: Task 'attempt_local528039944_0001_r_000000_0' done.
2016-03-07 16:53:19,722 INFO org.apache.hadoop.mapred.JobClient:  map 100% reduce 100%
2016-03-07 16:53:19,726 INFO org.apache.hadoop.mapred.JobClient: Job complete: job_local528039944_0001
2016-03-07 16:53:19,738 INFO org.apache.hadoop.mapred.JobClient: Counters: 20
2016-03-07 16:53:19,738 INFO org.apache.hadoop.mapred.JobClient:   File System Counters
2016-03-07 16:53:19,739 INFO org.apache.hadoop.mapred.JobClient:     FILE: Number of bytes read=465
2016-03-07 16:53:19,739 INFO org.apache.hadoop.mapred.JobClient:     FILE: Number of bytes written=177737
2016-03-07 16:53:19,739 INFO org.apache.hadoop.mapred.JobClient:     FILE: Number of read operations=0
2016-03-07 16:53:19,739 INFO org.apache.hadoop.mapred.JobClient:     FILE: Number of large read operations=0
2016-03-07 16:53:19,740 INFO org.apache.hadoop.mapred.JobClient:     FILE: Number of write operations=0
2016-03-07 16:53:19,740 INFO org.apache.hadoop.mapred.JobClient:   Map-Reduce Framework
2016-03-07 16:53:19,740 INFO org.apache.hadoop.mapred.JobClient:     Map input records=1
2016-03-07 16:53:19,740 INFO org.apache.hadoop.mapred.JobClient:     Map output records=5
2016-03-07 16:53:19,741 INFO org.apache.hadoop.mapred.JobClient:     Map output bytes=56
2016-03-07 16:53:19,741 INFO org.apache.hadoop.mapred.JobClient:     Input split bytes=127
2016-03-07 16:53:19,741 INFO org.apache.hadoop.mapred.JobClient:     Combine input records=5
2016-03-07 16:53:19,741 INFO org.apache.hadoop.mapred.JobClient:     Combine output records=4
2016-03-07 16:53:19,742 INFO org.apache.hadoop.mapred.JobClient:     Reduce input groups=4
2016-03-07 16:53:19,742 INFO org.apache.hadoop.mapred.JobClient:     Reduce shuffle bytes=0
2016-03-07 16:53:19,742 INFO org.apache.hadoop.mapred.JobClient:     Reduce input records=4
2016-03-07 16:53:19,742 INFO org.apache.hadoop.mapred.JobClient:     Reduce output records=4
2016-03-07 16:53:19,742 INFO org.apache.hadoop.mapred.JobClient:     Spilled Records=8
2016-03-07 16:53:19,743 INFO org.apache.hadoop.mapred.JobClient:     CPU time spent (ms)=0
2016-03-07 16:53:19,743 INFO org.apache.hadoop.mapred.JobClient:     Physical memory (bytes) snapshot=0
2016-03-07 16:53:19,743 INFO org.apache.hadoop.mapred.JobClient:     Virtual memory (bytes) snapshot=0
2016-03-07 16:53:19,743 INFO org.apache.hadoop.mapred.JobClient:     Total committed heap usage (bytes)=323878912
